<?xml version="1.0" encoding="UTF-8"?>
<!-- Generated by org.testng.reporters.JUnitReportReporter -->
<testsuite skipped="0" hostname="User-PC" name="api_automation_rest.api.CreateDataStreamAndAddDataToDataStream" tests="1" failures="0" timestamp="07 Sep 2017 11:25:46 GMT" time="187.545" errors="0">
  <testcase name="createDataStreamAndAddDatatoDatastream" time="187.545" classname="api_automation_rest.api.CreateDataStreamAndAddDataToDataStream"/>
</testsuite> <!-- api_automation_rest.api.CreateDataStreamAndAddDataToDataStream -->
